<?xml version="1.0" encoding="UTF-8"?>
<testsuite xmlns:xsi="http://www.w3.org/2001/XMLSchema-instance" xsi:noNamespaceSchemaLocation="https://maven.apache.org/surefire/maven-surefire-plugin/xsd/surefire-test-report.xsd" name="TestSuite" time="4.167" tests="6" errors="0" skipped="0" failures="0">
  <properties>
    <property name="java.specification.version" value="16"/>
    <property name="sun.jnu.encoding" value="UTF-8"/>
    <property name="java.class.path" value="/Users/saiabishekthorikonda/eclipse-workspace/Framework_RA/target/test-classes:/Users/saiabishekthorikonda/eclipse-workspace/Framework_RA/target/classes:/Users/saiabishekthorikonda/.m2/repository/io/rest-assured/rest-assured/4.3.0/rest-assured-4.3.0.jar:/Users/saiabishekthorikonda/.m2/repository/org/codehaus/groovy/groovy/3.0.2/groovy-3.0.2.jar:/Users/saiabishekthorikonda/.m2/repository/org/codehaus/groovy/groovy-xml/3.0.2/groovy-xml-3.0.2.jar:/Users/saiabishekthorikonda/.m2/repository/org/apache/httpcomponents/httpclient/4.5.3/httpclient-4.5.3.jar:/Users/saiabishekthorikonda/.m2/repository/org/apache/httpcomponents/httpcore/4.4.6/httpcore-4.4.6.jar:/Users/saiabishekthorikonda/.m2/repository/commons-logging/commons-logging/1.2/commons-logging-1.2.jar:/Users/saiabishekthorikonda/.m2/repository/commons-codec/commons-codec/1.9/commons-codec-1.9.jar:/Users/saiabishekthorikonda/.m2/repository/org/apache/httpcomponents/httpmime/4.5.3/httpmime-4.5.3.jar:/Users/saiabishekthorikonda/.m2/repository/org/hamcrest/hamcrest/2.1/hamcrest-2.1.jar:/Users/saiabishekthorikonda/.m2/repository/org/ccil/cowan/tagsoup/tagsoup/1.2.1/tagsoup-1.2.1.jar:/Users/saiabishekthorikonda/.m2/repository/io/rest-assured/json-path/4.3.0/json-path-4.3.0.jar:/Users/saiabishekthorikonda/.m2/repository/org/codehaus/groovy/groovy-json/3.0.2/groovy-json-3.0.2.jar:/Users/saiabishekthorikonda/.m2/repository/io/rest-assured/rest-assured-common/4.3.0/rest-assured-common-4.3.0.jar:/Users/saiabishekthorikonda/.m2/repository/io/rest-assured/xml-path/4.3.0/xml-path-4.3.0.jar:/Users/saiabishekthorikonda/.m2/repository/org/apache/commons/commons-lang3/3.4/commons-lang3-3.4.jar:/Users/saiabishekthorikonda/.m2/repository/jakarta/xml/bind/jakarta.xml.bind-api/2.3.2/jakarta.xml.bind-api-2.3.2.jar:/Users/saiabishekthorikonda/.m2/repository/jakarta/activation/jakarta.activation-api/1.2.1/jakarta.activation-api-1.2.1.jar:/Users/saiabishekthorikonda/.m2/repository/com/sun/xml/bind/jaxb-osgi/2.3.0.1/jaxb-osgi-2.3.0.1.jar:/Users/saiabishekthorikonda/.m2/repository/org/apache/sling/org.apache.sling.javax.activation/0.1.0/org.apache.sling.javax.activation-0.1.0.jar:/Users/saiabishekthorikonda/.m2/repository/javax/activation/activation/1.1.1/activation-1.1.1.jar:/Users/saiabishekthorikonda/.m2/repository/org/testng/testng/6.14.3/testng-6.14.3.jar:/Users/saiabishekthorikonda/.m2/repository/com/beust/jcommander/1.72/jcommander-1.72.jar:/Users/saiabishekthorikonda/.m2/repository/org/apache-extras/beanshell/bsh/2.0b6/bsh-2.0b6.jar:/Users/saiabishekthorikonda/.m2/repository/com/googlecode/json-simple/json-simple/1.1.1/json-simple-1.1.1.jar:/Users/saiabishekthorikonda/.m2/repository/org/apache/logging/log4j/log4j-api/2.14.0/log4j-api-2.14.0.jar:/Users/saiabishekthorikonda/.m2/repository/org/apache/logging/log4j/log4j-core/2.14.0/log4j-core-2.14.0.jar:/Users/saiabishekthorikonda/.m2/repository/junit/junit/4.11/junit-4.11.jar:/Users/saiabishekthorikonda/.m2/repository/org/hamcrest/hamcrest-core/1.3/hamcrest-core-1.3.jar:"/>
    <property name="java.vm.vendor" value="Oracle Corporation"/>
    <property name="sun.arch.data.model" value="64"/>
    <property name="java.vendor.url" value="https://openjdk.java.net/"/>
    <property name="os.name" value="Mac OS X"/>
    <property name="java.vm.specification.version" value="16"/>
    <property name="sun.java.launcher" value="SUN_STANDARD"/>
    <property name="user.country" value="CA"/>
    <property name="sun.boot.library.path" value="/opt/homebrew/Cellar/openjdk/15.0.1/libexec/openjdk.jdk/Contents/Home/lib"/>
    <property name="sun.java.command" value="/Users/saiabishekthorikonda/eclipse-workspace/Framework_RA/target/surefire/surefirebooter8229463850985886795.jar /Users/saiabishekthorikonda/eclipse-workspace/Framework_RA/target/surefire 2021-02-25T16-31-37_949-jvmRun1 surefire1789653770449473838tmp surefire_017301398765125174831tmp"/>
    <property name="http.nonProxyHosts" value="local|*.local|169.254/16|*.169.254/16"/>
    <property name="jdk.debug" value="release"/>
    <property name="surefire.test.class.path" value="/Users/saiabishekthorikonda/eclipse-workspace/Framework_RA/target/test-classes:/Users/saiabishekthorikonda/eclipse-workspace/Framework_RA/target/classes:/Users/saiabishekthorikonda/.m2/repository/io/rest-assured/rest-assured/4.3.0/rest-assured-4.3.0.jar:/Users/saiabishekthorikonda/.m2/repository/org/codehaus/groovy/groovy/3.0.2/groovy-3.0.2.jar:/Users/saiabishekthorikonda/.m2/repository/org/codehaus/groovy/groovy-xml/3.0.2/groovy-xml-3.0.2.jar:/Users/saiabishekthorikonda/.m2/repository/org/apache/httpcomponents/httpclient/4.5.3/httpclient-4.5.3.jar:/Users/saiabishekthorikonda/.m2/repository/org/apache/httpcomponents/httpcore/4.4.6/httpcore-4.4.6.jar:/Users/saiabishekthorikonda/.m2/repository/commons-logging/commons-logging/1.2/commons-logging-1.2.jar:/Users/saiabishekthorikonda/.m2/repository/commons-codec/commons-codec/1.9/commons-codec-1.9.jar:/Users/saiabishekthorikonda/.m2/repository/org/apache/httpcomponents/httpmime/4.5.3/httpmime-4.5.3.jar:/Users/saiabishekthorikonda/.m2/repository/org/hamcrest/hamcrest/2.1/hamcrest-2.1.jar:/Users/saiabishekthorikonda/.m2/repository/org/ccil/cowan/tagsoup/tagsoup/1.2.1/tagsoup-1.2.1.jar:/Users/saiabishekthorikonda/.m2/repository/io/rest-assured/json-path/4.3.0/json-path-4.3.0.jar:/Users/saiabishekthorikonda/.m2/repository/org/codehaus/groovy/groovy-json/3.0.2/groovy-json-3.0.2.jar:/Users/saiabishekthorikonda/.m2/repository/io/rest-assured/rest-assured-common/4.3.0/rest-assured-common-4.3.0.jar:/Users/saiabishekthorikonda/.m2/repository/io/rest-assured/xml-path/4.3.0/xml-path-4.3.0.jar:/Users/saiabishekthorikonda/.m2/repository/org/apache/commons/commons-lang3/3.4/commons-lang3-3.4.jar:/Users/saiabishekthorikonda/.m2/repository/jakarta/xml/bind/jakarta.xml.bind-api/2.3.2/jakarta.xml.bind-api-2.3.2.jar:/Users/saiabishekthorikonda/.m2/repository/jakarta/activation/jakarta.activation-api/1.2.1/jakarta.activation-api-1.2.1.jar:/Users/saiabishekthorikonda/.m2/repository/com/sun/xml/bind/jaxb-osgi/2.3.0.1/jaxb-osgi-2.3.0.1.jar:/Users/saiabishekthorikonda/.m2/repository/org/apache/sling/org.apache.sling.javax.activation/0.1.0/org.apache.sling.javax.activation-0.1.0.jar:/Users/saiabishekthorikonda/.m2/repository/javax/activation/activation/1.1.1/activation-1.1.1.jar:/Users/saiabishekthorikonda/.m2/repository/org/testng/testng/6.14.3/testng-6.14.3.jar:/Users/saiabishekthorikonda/.m2/repository/com/beust/jcommander/1.72/jcommander-1.72.jar:/Users/saiabishekthorikonda/.m2/repository/org/apache-extras/beanshell/bsh/2.0b6/bsh-2.0b6.jar:/Users/saiabishekthorikonda/.m2/repository/com/googlecode/json-simple/json-simple/1.1.1/json-simple-1.1.1.jar:/Users/saiabishekthorikonda/.m2/repository/org/apache/logging/log4j/log4j-api/2.14.0/log4j-api-2.14.0.jar:/Users/saiabishekthorikonda/.m2/repository/org/apache/logging/log4j/log4j-core/2.14.0/log4j-core-2.14.0.jar:/Users/saiabishekthorikonda/.m2/repository/junit/junit/4.11/junit-4.11.jar:/Users/saiabishekthorikonda/.m2/repository/org/hamcrest/hamcrest-core/1.3/hamcrest-core-1.3.jar:"/>
    <property name="sun.cpu.endian" value="little"/>
    <property name="user.home" value="/Users/saiabishekthorikonda"/>
    <property name="user.language" value="en"/>
    <property name="java.specification.vendor" value="Oracle Corporation"/>
    <property name="java.version.date" value="2021-03-16"/>
    <property name="java.home" value="/opt/homebrew/Cellar/openjdk/15.0.1/libexec/openjdk.jdk/Contents/Home"/>
    <property name="file.separator" value="/"/>
    <property name="basedir" value="/Users/saiabishekthorikonda/eclipse-workspace/Framework_RA"/>
    <property name="java.vm.compressedOopsMode" value="Zero based"/>
    <property name="line.separator" value="&#10;"/>
    <property name="java.specification.name" value="Java Platform API Specification"/>
    <property name="java.vm.specification.vendor" value="Oracle Corporation"/>
    <property name="surefire.real.class.path" value="/Users/saiabishekthorikonda/eclipse-workspace/Framework_RA/target/surefire/surefirebooter8229463850985886795.jar"/>
    <property name="sun.management.compiler" value="HotSpot 64-Bit Tiered Compilers"/>
    <property name="ftp.nonProxyHosts" value="local|*.local|169.254/16|*.169.254/16"/>
    <property name="java.runtime.version" value="16+14"/>
    <property name="user.name" value="saiabishekthorikonda"/>
    <property name="path.separator" value=":"/>
    <property name="os.version" value="11.1"/>
    <property name="java.runtime.name" value="OpenJDK Runtime Environment"/>
    <property name="file.encoding" value="UTF-8"/>
    <property name="java.vm.name" value="OpenJDK 64-Bit Server VM"/>
    <property name="localRepository" value="/Users/saiabishekthorikonda/.m2/repository"/>
    <property name="java.vendor.url.bug" value="https://bugreport.java.com/bugreport/"/>
    <property name="java.io.tmpdir" value="/var/folders/k5/9_jhb8qn7sv6ny7kvp7vps140000gn/T/"/>
    <property name="java.version" value="16"/>
    <property name="user.dir" value="/Users/saiabishekthorikonda/eclipse-workspace/Framework_RA"/>
    <property name="os.arch" value="aarch64"/>
    <property name="java.vm.specification.name" value="Java Virtual Machine Specification"/>
    <property name="java.library.path" value="/Users/saiabishekthorikonda/Library/Java/Extensions:/Library/Java/Extensions:/Network/Library/Java/Extensions:/System/Library/Java/Extensions:/usr/lib/java:."/>
    <property name="java.vm.info" value="mixed mode"/>
    <property name="java.vendor" value="N/A"/>
    <property name="java.vm.version" value="16+14"/>
    <property name="sun.io.unicode.encoding" value="UnicodeBig"/>
    <property name="socksNonProxyHosts" value="local|*.local|169.254/16|*.169.254/16"/>
    <property name="java.class.version" value="60.0"/>
  </properties>
  <testcase name="CheckResponseBody" classname="Tests.TC_01_GetUser" time="0.012"/>
  <testcase name="CheckResponseTime" classname="Tests.TC_01_GetUser" time="0"/>
  <testcase name="CheckStatusCode" classname="Tests.TC_01_GetUser" time="0"/>
  <testcase name="CheckContentBody" classname="Tests.TC_02_PostUser" time="0.001"/>
  <testcase name="CheckStatusCode" classname="Tests.TC_02_PostUser" time="0"/>
  <testcase name="StatusCodeCheck" classname="Tests.TC_03_PutUser" time="0.001"/>
</testsuite>