<?xml version="1.0" encoding="UTF-8"?>
<!-- Generated by org.testng.reporters.JUnitReportReporter -->
<testsuite hostname="Sais-MacBook-Air.local" failures="0" tests="1" name="Tests.TC_03_PutUser" time="0.002" errors="0" timestamp="2021-02-25T15:33:52 EST" skipped="0">
  <testcase classname="Tests.TC_03_PutUser" name="StatusCodeCheck" time="0.002"/>
  <system-out/>
</testsuite> <!-- Tests.TC_03_PutUser -->
