<?xml version="1.0" encoding="UTF-8"?>
<!-- Generated by org.testng.reporters.JUnitReportReporter -->
<testsuite hostname="Sais-MacBook-Air.local" failures="0" tests="3" name="Tests.TC_01_GetUser" time="0.033" errors="0" timestamp="2021-02-25T15:33:52 EST" skipped="0">
  <testcase classname="Tests.TC_01_GetUser" name="CheckResponseTime" time="0.002"/>
  <system-out/>
  <testcase classname="Tests.TC_01_GetUser" name="CheckStatusCode" time="0.006"/>
  <system-out/>
  <testcase classname="Tests.TC_01_GetUser" name="CheckResponseBody" time="0.025"/>
  <system-out/>
</testsuite> <!-- Tests.TC_01_GetUser -->
