<?xml version="1.0" encoding="UTF-8"?>
<!-- Generated by org.testng.reporters.JUnitReportReporter -->
<testsuite hostname="Sais-MacBook-Air.local" failures="0" tests="2" name="Tests.TC_02_PostUser" time="0.003" errors="0" timestamp="2021-02-25T15:33:52 EST" skipped="0">
  <testcase classname="Tests.TC_02_PostUser" name="CheckStatusCode" time="0.001"/>
  <system-out/>
  <testcase classname="Tests.TC_02_PostUser" name="CheckContentBody" time="0.002"/>
  <system-out/>
</testsuite> <!-- Tests.TC_02_PostUser -->
