<?xml version="1.0" encoding="UTF-8"?>
<!-- Generated by org.testng.reporters.JUnitReportReporter -->
<testsuite hostname="Sais-MacBook-Air.local" failures="0" tests="3" name="Tests.TC_01_GetUser" time="0.013" errors="0" timestamp="25 Feb. 2021 21:31:42 GMT" skipped="0">
  <testcase classname="Tests.TC_01_GetUser" name="CheckResponseTime" time="0.001"/>
  <testcase classname="Tests.TC_01_GetUser" name="CheckResponseBody" time="0.012"/>
  <testcase classname="Tests.TC_01_GetUser" name="CheckStatusCode" time="0.000"/>
</testsuite> <!-- Tests.TC_01_GetUser -->
