<?xml version="1.0" encoding="UTF-8"?>
<!-- Generated by org.testng.reporters.JUnitReportReporter -->
<testsuite hostname="Sais-MacBook-Air.local" failures="0" tests="2" name="Tests.TC_02_PostUser" time="0.001" errors="0" timestamp="25 Feb. 2021 21:31:42 GMT" skipped="0">
  <testcase classname="Tests.TC_02_PostUser" name="CheckContentBody" time="0.001"/>
  <testcase classname="Tests.TC_02_PostUser" name="CheckStatusCode" time="0.000"/>
</testsuite> <!-- Tests.TC_02_PostUser -->
