<?xml version="1.0" encoding="UTF-8"?>
<!-- Generated by org.testng.reporters.JUnitReportReporter -->
<testsuite hostname="Sais-MacBook-Air.local" failures="0" tests="1" name="Tests.TC_03_PutUser" time="0.000" errors="0" timestamp="25 Feb. 2021 21:31:42 GMT" skipped="0">
  <testcase classname="Tests.TC_03_PutUser" name="StatusCodeCheck" time="0.000"/>
</testsuite> <!-- Tests.TC_03_PutUser -->
